<?xml version="1.0"?>
<md:EntityDescriptor xmlns:md="urn:oasis:names:tc:SAML:2.0:metadata" xmlns:spid="https://spid.gov.it/saml-extensions" validUntil="2024-09-29T11:00:07Z" cacheDuration="PT604800S" entityID="https://laravel-tinfo-spid.test:8443" ID="pfxa9b9c378-b89b-c591-7115-4dcda0db51ec"><ds:Signature xmlns:ds="http://www.w3.org/2000/09/xmldsig#">
  <ds:SignedInfo><ds:CanonicalizationMethod Algorithm="http://www.w3.org/2001/10/xml-exc-c14n#"/>
    <ds:SignatureMethod Algorithm="http://www.w3.org/2001/04/xmldsig-more#rsa-sha256"/>
  <ds:Reference URI="#pfxa9b9c378-b89b-c591-7115-4dcda0db51ec"><ds:Transforms><ds:Transform Algorithm="http://www.w3.org/2000/09/xmldsig#enveloped-signature"/><ds:Transform Algorithm="http://www.w3.org/2001/10/xml-exc-c14n#"/></ds:Transforms><ds:DigestMethod Algorithm="http://www.w3.org/2001/04/xmlenc#sha256"/><ds:DigestValue>4QcqBQ+NiwjbJbaz9SFGlnrCtWlr5GzD+RuVehAuieI=</ds:DigestValue></ds:Reference></ds:SignedInfo><ds:SignatureValue>X+KFZbCKL4wJvr5+LsSDt/suLD5vjSIM0o5E3QhprBb1gR+1BbbD/aEUfhlf+iYQyqmJJ3CUl3A2GmCKZEXkEn54rWbVIYfZsfzOj7gP/7eWKyf1pQo0o61TJW46oh1ogdGK2hHSZKC85s4e/irXEm/It+wkJzYlHrB2IdcGCpSvMcIpxAw+YyrMXpbzM2mgmplPMGlN9gNEcoY69/d4TLzZcsD1NUXdXB9WNWtCQKX31djHY5RqpPY3WjyFg2z7dtxNctwMXLReyXlkFmbuUwTXc3O40jGqDzSzp28os87j4Jlc8lhlxs4T6ttbvzfMbfODVojx24pZzQynjEt4mQ==</ds:SignatureValue>
<ds:KeyInfo><ds:X509Data><ds:X509Certificate>MIIDgzCCAmugAwIBAgIULAp1YQlWoEPUrugRqWqbUf3ES3wwDQYJKoZIhvcNAQELBQAwUTELMAkGA1UEBhMCSVQxCzAJBgNVBAgMAlJNMQ0wCwYDVQQHDARSb21lMSYwJAYDVQQKDB1BZ2VuemlhIHBlciBsJ0l0YWxpYSBEaWdpdGFsZTAeFw0yMzA1MjkxMDUzNDNaFw0zMDEyMzExMDUzNDNaMFExCzAJBgNVBAYTAklUMQswCQYDVQQIDAJSTTENMAsGA1UEBwwEUm9tZTEmMCQGA1UECgwdQWdlbnppYSBwZXIgbCdJdGFsaWEgRGlnaXRhbGUwggEiMA0GCSqGSIb3DQEBAQUAA4IBDwAwggEKAoIBAQCri1uwE3WfwGiTpkovorKlrcsAI7YrP55QqS3WLZbe+byYx219SsW0Ompe7rzChfmsNUsien3c4BGJN0zG1a2xJpfLJRhi9npJ228Aa+KAhPtMJ/uP2axhg6GxP6GG1LgoQavEF6gLDT/isQNCrEMKr8FNeVNPM5k+6Q03pqvZPvyNuLGkDGfDMHEg0RdHhPb/cJsa9dCULkkNi5y/SY68X58JOWdEpWYBjn83ES1G1hiPxr/DluJTebjourL5CdtiOHNoi3UoGJkBSTtrKtOg6Dq4nHwOU8qyHxQTYjxy8hp/cS3MNnXOgZIqc6mqiGicvLEhwDZBQHbXfjXa7N+NAgMBAAGjUzBRMB0GA1UdDgQWBBQsxX06P7VqgQ7FluV4X1Ep9C3P/zAfBgNVHSMEGDAWgBQsxX06P7VqgQ7FluV4X1Ep9C3P/zAPBgNVHRMBAf8EBTADAQH/MA0GCSqGSIb3DQEBCwUAA4IBAQAj4EwJeS52rzJXwCQvaQzP9LAx2gf9RPciztM32u88t3urucgAfUq+7aIDi8nKkpPfKgUFFL397jjKy1bq/i8o5GiAVe4RwOjGw3zma9L8WUY79BPId+sOuAhAtaEqgO2gu8cuXs4u7rAnDXbFJTPClUD6eum2JD+gHd61Yyvu3dJx/6bUNNcpg//XkwUEA9KoldQ7xju5oVLJ2aPv4TCeYXrhK5lunh3l/l3JhjyEhi3zIJYIAWiEVX/qIghYWM0yJ31j2GkZYUm1Z0GVv1VsUPxUModDAZH7zudE58Uyi8TyjVp6nDCqy+dgn7ugnSLTxBv/J9nOtSrxH1cPJES5</ds:X509Certificate></ds:X509Data></ds:KeyInfo></ds:Signature>
  <md:SPSSODescriptor AuthnRequestsSigned="true" WantAssertionsSigned="true" protocolSupportEnumeration="urn:oasis:names:tc:SAML:2.0:protocol">
    <md:KeyDescriptor use="signing">
      <ds:KeyInfo xmlns:ds="http://www.w3.org/2000/09/xmldsig#">
        <ds:X509Data>
          <ds:X509Certificate>MIIDgzCCAmugAwIBAgIULAp1YQlWoEPUrugRqWqbUf3ES3wwDQYJKoZIhvcNAQELBQAwUTELMAkGA1UEBhMCSVQxCzAJBgNVBAgMAlJNMQ0wCwYDVQQHDARSb21lMSYwJAYDVQQKDB1BZ2VuemlhIHBlciBsJ0l0YWxpYSBEaWdpdGFsZTAeFw0yMzA1MjkxMDUzNDNaFw0zMDEyMzExMDUzNDNaMFExCzAJBgNVBAYTAklUMQswCQYDVQQIDAJSTTENMAsGA1UEBwwEUm9tZTEmMCQGA1UECgwdQWdlbnppYSBwZXIgbCdJdGFsaWEgRGlnaXRhbGUwggEiMA0GCSqGSIb3DQEBAQUAA4IBDwAwggEKAoIBAQCri1uwE3WfwGiTpkovorKlrcsAI7YrP55QqS3WLZbe+byYx219SsW0Ompe7rzChfmsNUsien3c4BGJN0zG1a2xJpfLJRhi9npJ228Aa+KAhPtMJ/uP2axhg6GxP6GG1LgoQavEF6gLDT/isQNCrEMKr8FNeVNPM5k+6Q03pqvZPvyNuLGkDGfDMHEg0RdHhPb/cJsa9dCULkkNi5y/SY68X58JOWdEpWYBjn83ES1G1hiPxr/DluJTebjourL5CdtiOHNoi3UoGJkBSTtrKtOg6Dq4nHwOU8qyHxQTYjxy8hp/cS3MNnXOgZIqc6mqiGicvLEhwDZBQHbXfjXa7N+NAgMBAAGjUzBRMB0GA1UdDgQWBBQsxX06P7VqgQ7FluV4X1Ep9C3P/zAfBgNVHSMEGDAWgBQsxX06P7VqgQ7FluV4X1Ep9C3P/zAPBgNVHRMBAf8EBTADAQH/MA0GCSqGSIb3DQEBCwUAA4IBAQAj4EwJeS52rzJXwCQvaQzP9LAx2gf9RPciztM32u88t3urucgAfUq+7aIDi8nKkpPfKgUFFL397jjKy1bq/i8o5GiAVe4RwOjGw3zma9L8WUY79BPId+sOuAhAtaEqgO2gu8cuXs4u7rAnDXbFJTPClUD6eum2JD+gHd61Yyvu3dJx/6bUNNcpg//XkwUEA9KoldQ7xju5oVLJ2aPv4TCeYXrhK5lunh3l/l3JhjyEhi3zIJYIAWiEVX/qIghYWM0yJ31j2GkZYUm1Z0GVv1VsUPxUModDAZH7zudE58Uyi8TyjVp6nDCqy+dgn7ugnSLTxBv/J9nOtSrxH1cPJES5</ds:X509Certificate>
        </ds:X509Data>
      </ds:KeyInfo>
    </md:KeyDescriptor>
    <md:SingleLogoutService Binding="urn:oasis:names:tc:SAML:2.0:bindings:HTTP-Redirect" Location="https://laravel-tinfo-spid.test:8443/spid/logout"/>
    <md:NameIDFormat>urn:oasis:names:tc:SAML:2.0:nameid-format:transient</md:NameIDFormat>
    <md:AssertionConsumerService Binding="urn:oasis:names:tc:SAML:2.0:bindings:HTTP-POST" Location="https://laravel-tinfo-spid.test:8443/spid/acs" index="1"/>
    <md:AttributeConsumingService index="1">
      <md:ServiceName xml:lang="en">SPID service name</md:ServiceName>
      <md:RequestedAttribute Name="spidCode"/>
      <md:RequestedAttribute Name="name"/>
      <md:RequestedAttribute Name="familyName"/>
      <md:RequestedAttribute Name="fiscalNumber"/>
      <md:RequestedAttribute Name="mobilePhone"/>
      <md:RequestedAttribute Name="email"/>
    </md:AttributeConsumingService>
  </md:SPSSODescriptor>
  <md:Organization>
    <md:OrganizationName xml:lang="en">Example</md:OrganizationName>
    <md:OrganizationName xml:lang="it">Example</md:OrganizationName>
    <md:OrganizationDisplayName xml:lang="en">Example Organization</md:OrganizationDisplayName>
    <md:OrganizationDisplayName xml:lang="it">Example Organization</md:OrganizationDisplayName>
    <md:OrganizationURL xml:lang="en">https://laravel-tinfo-spid.test:8443</md:OrganizationURL>
    <md:OrganizationURL xml:lang="it">https://laravel-tinfo-spid.test:8443</md:OrganizationURL>
  </md:Organization>
<md:ContactPerson contactType="other"><md:Extensions><spid:Private/><spid:VATNumber>12345678901</spid:VATNumber><spid:FiscalCode>FNTCMS73M25L224C</spid:FiscalCode></md:Extensions><md:EmailAddress>other@other.org</md:EmailAddress></md:ContactPerson><md:ContactPerson contactType="billing"><md:Extensions><spid:Private/><spid:VATNumber>12345678901</spid:VATNumber><spid:CessionarioCommittente><spid:DatiAnagrafici><spid:IdPaese>IT</spid:IdPaese><spid:IdCodice>12345678901</spid:IdCodice><spid:Anagrafica><spid:Denominazione>Societ&#xE0; dei collaudi</spid:Denominazione></spid:Anagrafica></spid:DatiAnagrafici></spid:CessionarioCommittente><spid:Sede><spid:Indirizzo>via dei test</spid:Indirizzo><spid:NumeroCivico>1756</spid:NumeroCivico><spid:CAP>20212</spid:CAP><spid:Comune>Milano</spid:Comune><spid:Provincia>MI</spid:Provincia><spid:Nazione>IT</spid:Nazione></spid:Sede></md:Extensions><md:EmailAddress>billing@other.org</md:EmailAddress><md:TelephoneNumber>+39329000001</md:TelephoneNumber></md:ContactPerson></md:EntityDescriptor>
