<?xml version="1.0"?>
<md:EntityDescriptor xmlns:md="urn:oasis:names:tc:SAML:2.0:metadata" entityID="https://localhost:8000" ID="https___localhost_8000"><ds:Signature xmlns:ds="http://www.w3.org/2000/09/xmldsig#">
  <ds:SignedInfo><ds:CanonicalizationMethod Algorithm="http://www.w3.org/2001/10/xml-exc-c14n#"/>
    <ds:SignatureMethod Algorithm="http://www.w3.org/2001/04/xmldsig-more#rsa-sha256"/>
  <ds:Reference URI="#https___localhost_8000"><ds:Transforms><ds:Transform Algorithm="http://www.w3.org/2000/09/xmldsig#enveloped-signature"/><ds:Transform Algorithm="http://www.w3.org/2001/10/xml-exc-c14n#"/></ds:Transforms><ds:DigestMethod Algorithm="http://www.w3.org/2001/04/xmlenc#sha256"/><ds:DigestValue>n0cmwJObGm9qc+r4udgptwBFMUeqN3irEmsqmA3EN5w=</ds:DigestValue></ds:Reference></ds:SignedInfo><ds:SignatureValue>BDXJMHyHGR4ClFdvG7Z6z4+lHxJiOuw9nOlO0tk+ULruZUVOp1J0yBuphOqErhWk9GSz7gJxHNbl6z75CI/yD4cmutXNuLfqHtKQGXxfvD6bHjGrgZofmEdtuTCSt4r6dGn1BFJ5NV7graqhJXaFg9cftcnRvHAF71A3dWdTiuF+jq2DdQxbuAdTy/tUw3WUNiXdz/vdJoap7EXOS5GYleq7i8Ntq610XaSKSxckYKogm3y7eS2shxWp8vy+zny/Zno18Pm+pHoj+Fow8dkn5XuQLGLs4hmzeXIsnNCl+vhd7aOlafEtw6aYY6FsfOKMbCyoyDWulx1qEf198NuMcg==</ds:SignatureValue>
<ds:KeyInfo><ds:X509Data><ds:X509Certificate>MIIDizCCAnOgAwIBAgIUJikRfAz1RBPB2iGqxPXyxe/8EvcwDQYJKoZIhvcNAQELBQAwVTELMAkGA1UEBhMCSVQxDjAMBgNVBAgMBUl0YWx5MQ4wDAYDVQQHDAVNaWxhbjESMBAGA1UECgwJbXlzZXJ2aWNlMRIwEAYDVQQDDAlsb2NhbGhvc3QwHhcNMjQwOTI0MDg1MDIyWhcNMjUwOTI0MDg1MDIyWjBVMQswCQYDVQQGEwJJVDEOMAwGA1UECAwFSXRhbHkxDjAMBgNVBAcMBU1pbGFuMRIwEAYDVQQKDAlteXNlcnZpY2UxEjAQBgNVBAMMCWxvY2FsaG9zdDCCASIwDQYJKoZIhvcNAQEBBQADggEPADCCAQoCggEBAKbIDiJislrcDjw6JBfiRUWZboi/BUWtwnq9jRntWHg1PXA+JT3D/1Qim4obr6bFzleNW2vQWlCeC8zwwEQqEmXFR/L8JcurlCzYyKq3/bR3PeFxgSUQelynCY/4o5dM4WAF/XqARPPKGriR9XUQhuUVCT08G4NDiNroduzY/2Ym5gn+5we7mI01qWomNjPPWLKFvjFlMukXG4DZ0OydFShrstR2fFMVFhb8tT4E69HApvKQMaQW3HZTs0TWSB3ngjToA5B2JWT06QZcOTxk3gRG+axveHRk1dEqUAVLi8q9WZpVKKj/MYb3M4fSr4aD2BxcpLROKPw6jNGWEclOis0CAwEAAaNTMFEwHQYDVR0OBBYEFMxks2zd3DGCpLkyOrTVqnByfxlYMB8GA1UdIwQYMBaAFMxks2zd3DGCpLkyOrTVqnByfxlYMA8GA1UdEwEB/wQFMAMBAf8wDQYJKoZIhvcNAQELBQADggEBAInBwwtGhiPXXaRM3lthfYCq7kqKMMAs0WcvezftJOwPBUYwaKkxkviL8qFIR+B+1QjVquD+9y07+P0MVHjUozW+y83xdyAjZnBWs1Bbg4pXNPvaQmIB6JTlgdAyuUgATaEWzZSiZzdvN9gWflskPP3UWQx6HgjsIP9eNq0/6X9aiEGo+eCNnbkgUlxkWlFJDaWs11Daqt84E61s/y6TWi4v3iOrtgogQElUWDubvag+NKacw70K3r449PJaJtuZhfKLUWnJ9A25dbf1iz3vMhY7FktXvXCGQK54uOsAU3MOfty9UjzYyi+5po1IHIJsVBcyiPm2Ep38akieZ8jaNoI=</ds:X509Certificate></ds:X509Data></ds:KeyInfo></ds:Signature>
    <md:SPSSODescriptor protocolSupportEnumeration="urn:oasis:names:tc:SAML:2.0:protocol" AuthnRequestsSigned="true" WantAssertionsSigned="true">
        <md:KeyDescriptor use="signing">
            <ds:KeyInfo xmlns:ds="http://www.w3.org/2000/09/xmldsig#">
                <ds:X509Data><ds:X509Certificate>MIIDizCCAnOgAwIBAgIUJikRfAz1RBPB2iGqxPXyxe/8EvcwDQYJKoZIhvcNAQELBQAwVTELMAkGA1UEBhMCSVQxDjAMBgNVBAgMBUl0YWx5MQ4wDAYDVQQHDAVNaWxhbjESMBAGA1UECgwJbXlzZXJ2aWNlMRIwEAYDVQQDDAlsb2NhbGhvc3QwHhcNMjQwOTI0MDg1MDIyWhcNMjUwOTI0MDg1MDIyWjBVMQswCQYDVQQGEwJJVDEOMAwGA1UECAwFSXRhbHkxDjAMBgNVBAcMBU1pbGFuMRIwEAYDVQQKDAlteXNlcnZpY2UxEjAQBgNVBAMMCWxvY2FsaG9zdDCCASIwDQYJKoZIhvcNAQEBBQADggEPADCCAQoCggEBAKbIDiJislrcDjw6JBfiRUWZboi/BUWtwnq9jRntWHg1PXA+JT3D/1Qim4obr6bFzleNW2vQWlCeC8zwwEQqEmXFR/L8JcurlCzYyKq3/bR3PeFxgSUQelynCY/4o5dM4WAF/XqARPPKGriR9XUQhuUVCT08G4NDiNroduzY/2Ym5gn+5we7mI01qWomNjPPWLKFvjFlMukXG4DZ0OydFShrstR2fFMVFhb8tT4E69HApvKQMaQW3HZTs0TWSB3ngjToA5B2JWT06QZcOTxk3gRG+axveHRk1dEqUAVLi8q9WZpVKKj/MYb3M4fSr4aD2BxcpLROKPw6jNGWEclOis0CAwEAAaNTMFEwHQYDVR0OBBYEFMxks2zd3DGCpLkyOrTVqnByfxlYMB8GA1UdIwQYMBaAFMxks2zd3DGCpLkyOrTVqnByfxlYMA8GA1UdEwEB/wQFMAMBAf8wDQYJKoZIhvcNAQELBQADggEBAInBwwtGhiPXXaRM3lthfYCq7kqKMMAs0WcvezftJOwPBUYwaKkxkviL8qFIR+B+1QjVquD+9y07+P0MVHjUozW+y83xdyAjZnBWs1Bbg4pXNPvaQmIB6JTlgdAyuUgATaEWzZSiZzdvN9gWflskPP3UWQx6HgjsIP9eNq0/6X9aiEGo+eCNnbkgUlxkWlFJDaWs11Daqt84E61s/y6TWi4v3iOrtgogQElUWDubvag+NKacw70K3r449PJaJtuZhfKLUWnJ9A25dbf1iz3vMhY7FktXvXCGQK54uOsAU3MOfty9UjzYyi+5po1IHIJsVBcyiPm2Ep38akieZ8jaNoI=</ds:X509Certificate></ds:X509Data>
            </ds:KeyInfo>
        </md:KeyDescriptor>
            <md:SingleLogoutService Binding="urn:oasis:names:tc:SAML:2.0:bindings:HTTP-POST" Location="https://localhost:8000/slo"/>
            <md:SingleLogoutService Binding="urn:oasis:names:tc:SAML:2.0:bindings:HTTP-Redirect" Location="https://localhost:8000/slo"/>        
        <md:NameIDFormat>urn:oasis:names:tc:SAML:2.0:nameid-format:transient</md:NameIDFormat>
        <md:AssertionConsumerService index="0" isDefault="true" Location="https://localhost:8000/acs" Binding="urn:oasis:names:tc:SAML:2.0:bindings:HTTP-POST"/>
        <md:AttributeConsumingService index="0">
            <md:ServiceName xml:lang="it">Set 0</md:ServiceName>       
            <md:RequestedAttribute Name="name"/>
            <md:RequestedAttribute Name="familyName"/>
            <md:RequestedAttribute Name="email"/>
            <md:RequestedAttribute Name="fiscalNumber"/></md:AttributeConsumingService>
        <md:AttributeConsumingService index="1">
            <md:ServiceName xml:lang="it">Set 1</md:ServiceName>       
            <md:RequestedAttribute Name="name"/>
            <md:RequestedAttribute Name="familyName"/>
            <md:RequestedAttribute Name="fiscalNumber"/>
            <md:RequestedAttribute Name="email"/>
            <md:RequestedAttribute Name="spidCode"/></md:AttributeConsumingService></md:SPSSODescriptor><md:Organization>
    <md:OrganizationName xml:lang="it">your organization full name</md:OrganizationName>
    <md:OrganizationDisplayName xml:lang="it">your organization display name</md:OrganizationDisplayName>
    <md:OrganizationURL xml:lang="it">https://localhost:8000</md:OrganizationURL>
</md:Organization></md:EntityDescriptor>
